[2022-12-04T15:11:14.575] [ERROR] default - CastError: Cast to ObjectId failed for value "non-existent-id" (type string) at path "_id" for model "productos"
    at model.Query.exec (C:\Users\Jenn\Desktop\Backend\TP18\node_modules\mongoose\lib\query.js:4897:21)
    at model.Query.Query.then (C:\Users\Jenn\Desktop\Backend\TP18\node_modules\mongoose\lib\query.js:4996:15) {
  messageFormat: undefined,
  stringValue: '"non-existent-id"',
  kind: 'ObjectId',
  value: 'non-existent-id',
  path: '_id',
  reason: BSONTypeError: Argument passed in must be a string of 12 bytes or a string of 24 hex characters or an integer
      at new BSONTypeError (C:\Users\Jenn\Desktop\Backend\TP18\node_modules\bson\lib\error.js:41:28)
      at new ObjectId (C:\Users\Jenn\Desktop\Backend\TP18\node_modules\bson\lib\objectid.js:67:23)
      at castObjectId (C:\Users\Jenn\Desktop\Backend\TP18\node_modules\mongoose\lib\cast\objectid.js:25:12)
      at ObjectId.cast (C:\Users\Jenn\Desktop\Backend\TP18\node_modules\mongoose\lib\schema\objectid.js:246:12)
      at ObjectId.SchemaType.applySetters (C:\Users\Jenn\Desktop\Backend\TP18\node_modules\mongoose\lib\schematype.js:1201:12)
      at ObjectId.SchemaType._castForQuery (C:\Users\Jenn\Desktop\Backend\TP18\node_modules\mongoose\lib\schematype.js:1648:15)
      at ObjectId.SchemaType.castForQuery (C:\Users\Jenn\Desktop\Backend\TP18\node_modules\mongoose\lib\schematype.js:1636:15)
      at ObjectId.SchemaType.castForQueryWrapper (C:\Users\Jenn\Desktop\Backend\TP18\node_modules\mongoose\lib\schematype.js:1612:20)
      at cast (C:\Users\Jenn\Desktop\Backend\TP18\node_modules\mongoose\lib\cast.js:342:32)
      at model.Query.Query.cast (C:\Users\Jenn\Desktop\Backend\TP18\node_modules\mongoose\lib\query.js:5325:12),
  valueType: 'string'
}
[2022-12-04T15:13:06.102] [ERROR] default - CastError: Cast to ObjectId failed for value "non-existent-id" (type string) at path "_id" for model "productos"
    at model.Query.exec (C:\Users\Jenn\Desktop\Backend\TP18\node_modules\mongoose\lib\query.js:4897:21)
    at model.Query.Query.then (C:\Users\Jenn\Desktop\Backend\TP18\node_modules\mongoose\lib\query.js:4996:15) {
  messageFormat: undefined,
  stringValue: '"non-existent-id"',
  kind: 'ObjectId',
  value: 'non-existent-id',
  path: '_id',
  reason: BSONTypeError: Argument passed in must be a string of 12 bytes or a string of 24 hex characters or an integer
      at new BSONTypeError (C:\Users\Jenn\Desktop\Backend\TP18\node_modules\bson\lib\error.js:41:28)
      at new ObjectId (C:\Users\Jenn\Desktop\Backend\TP18\node_modules\bson\lib\objectid.js:67:23)
      at castObjectId (C:\Users\Jenn\Desktop\Backend\TP18\node_modules\mongoose\lib\cast\objectid.js:25:12)
      at ObjectId.cast (C:\Users\Jenn\Desktop\Backend\TP18\node_modules\mongoose\lib\schema\objectid.js:246:12)
      at ObjectId.SchemaType.applySetters (C:\Users\Jenn\Desktop\Backend\TP18\node_modules\mongoose\lib\schematype.js:1201:12)
      at ObjectId.SchemaType._castForQuery (C:\Users\Jenn\Desktop\Backend\TP18\node_modules\mongoose\lib\schematype.js:1648:15)
      at ObjectId.SchemaType.castForQuery (C:\Users\Jenn\Desktop\Backend\TP18\node_modules\mongoose\lib\schematype.js:1636:15)
      at ObjectId.SchemaType.castForQueryWrapper (C:\Users\Jenn\Desktop\Backend\TP18\node_modules\mongoose\lib\schematype.js:1612:20)
      at cast (C:\Users\Jenn\Desktop\Backend\TP18\node_modules\mongoose\lib\cast.js:342:32)
      at model.Query.Query.cast (C:\Users\Jenn\Desktop\Backend\TP18\node_modules\mongoose\lib\query.js:5325:12),
  valueType: 'string'
}
[2022-12-04T15:13:06.440] [ERROR] default - CastError: Cast to ObjectId failed for value "{ _id: 'non-existent-id' }" (type Object) at path "_id" for model "productos"
    at model.Query.exec (C:\Users\Jenn\Desktop\Backend\TP18\node_modules\mongoose\lib\query.js:4897:21)
    at model.Query.Query.then (C:\Users\Jenn\Desktop\Backend\TP18\node_modules\mongoose\lib\query.js:4996:15)
    at processTicksAndRejections (node:internal/process/task_queues:96:5) {
  messageFormat: undefined,
  stringValue: `"{ _id: 'non-existent-id' }"`,
  kind: 'ObjectId',
  value: { _id: 'non-existent-id' },
  path: '_id',
  reason: BSONTypeError: Argument passed in must be a string of 12 bytes or a string of 24 hex characters or an integer
      at new BSONTypeError (C:\Users\Jenn\Desktop\Backend\TP18\node_modules\bson\lib\error.js:41:28)
      at new ObjectId (C:\Users\Jenn\Desktop\Backend\TP18\node_modules\bson\lib\objectid.js:67:23)
      at castObjectId (C:\Users\Jenn\Desktop\Backend\TP18\node_modules\mongoose\lib\cast\objectid.js:20:14)
      at ObjectId.cast (C:\Users\Jenn\Desktop\Backend\TP18\node_modules\mongoose\lib\schema\objectid.js:246:12)
      at ObjectId.SchemaType.applySetters (C:\Users\Jenn\Desktop\Backend\TP18\node_modules\mongoose\lib\schematype.js:1201:12)
      at ObjectId.SchemaType._castForQuery (C:\Users\Jenn\Desktop\Backend\TP18\node_modules\mongoose\lib\schematype.js:1648:15)
      at ObjectId.SchemaType.castForQuery (C:\Users\Jenn\Desktop\Backend\TP18\node_modules\mongoose\lib\schematype.js:1636:15)
      at ObjectId.SchemaType.castForQueryWrapper (C:\Users\Jenn\Desktop\Backend\TP18\node_modules\mongoose\lib\schematype.js:1612:20)
      at cast (C:\Users\Jenn\Desktop\Backend\TP18\node_modules\mongoose\lib\cast.js:286:34)
      at model.Query.Query.cast (C:\Users\Jenn\Desktop\Backend\TP18\node_modules\mongoose\lib\query.js:5325:12),
  valueType: 'Object'
}
[2022-12-04T15:14:54.422] [ERROR] default - CastError: Cast to ObjectId failed for value "non-existent-id" (type string) at path "_id" for model "productos"
    at model.Query.exec (C:\Users\Jenn\Desktop\Backend\TP18\node_modules\mongoose\lib\query.js:4897:21)
    at model.Query.Query.then (C:\Users\Jenn\Desktop\Backend\TP18\node_modules\mongoose\lib\query.js:4996:15) {
  messageFormat: undefined,
  stringValue: '"non-existent-id"',
  kind: 'ObjectId',
  value: 'non-existent-id',
  path: '_id',
  reason: BSONTypeError: Argument passed in must be a string of 12 bytes or a string of 24 hex characters or an integer
      at new BSONTypeError (C:\Users\Jenn\Desktop\Backend\TP18\node_modules\bson\lib\error.js:41:28)
      at new ObjectId (C:\Users\Jenn\Desktop\Backend\TP18\node_modules\bson\lib\objectid.js:67:23)
      at castObjectId (C:\Users\Jenn\Desktop\Backend\TP18\node_modules\mongoose\lib\cast\objectid.js:25:12)
      at ObjectId.cast (C:\Users\Jenn\Desktop\Backend\TP18\node_modules\mongoose\lib\schema\objectid.js:246:12)
      at ObjectId.SchemaType.applySetters (C:\Users\Jenn\Desktop\Backend\TP18\node_modules\mongoose\lib\schematype.js:1201:12)
      at ObjectId.SchemaType._castForQuery (C:\Users\Jenn\Desktop\Backend\TP18\node_modules\mongoose\lib\schematype.js:1648:15)
      at ObjectId.SchemaType.castForQuery (C:\Users\Jenn\Desktop\Backend\TP18\node_modules\mongoose\lib\schematype.js:1636:15)
      at ObjectId.SchemaType.castForQueryWrapper (C:\Users\Jenn\Desktop\Backend\TP18\node_modules\mongoose\lib\schematype.js:1612:20)
      at cast (C:\Users\Jenn\Desktop\Backend\TP18\node_modules\mongoose\lib\cast.js:342:32)
      at model.Query.Query.cast (C:\Users\Jenn\Desktop\Backend\TP18\node_modules\mongoose\lib\query.js:5325:12),
  valueType: 'string'
}
[2022-12-04T15:14:54.937] [ERROR] default - CastError: Cast to ObjectId failed for value "{ _id: 'non-existent-id' }" (type Object) at path "_id" for model "productos"
    at model.Query.exec (C:\Users\Jenn\Desktop\Backend\TP18\node_modules\mongoose\lib\query.js:4897:21)
    at model.Query.Query.then (C:\Users\Jenn\Desktop\Backend\TP18\node_modules\mongoose\lib\query.js:4996:15)
    at processTicksAndRejections (node:internal/process/task_queues:96:5) {
  messageFormat: undefined,
  stringValue: `"{ _id: 'non-existent-id' }"`,
  kind: 'ObjectId',
  value: { _id: 'non-existent-id' },
  path: '_id',
  reason: BSONTypeError: Argument passed in must be a string of 12 bytes or a string of 24 hex characters or an integer
      at new BSONTypeError (C:\Users\Jenn\Desktop\Backend\TP18\node_modules\bson\lib\error.js:41:28)
      at new ObjectId (C:\Users\Jenn\Desktop\Backend\TP18\node_modules\bson\lib\objectid.js:67:23)
      at castObjectId (C:\Users\Jenn\Desktop\Backend\TP18\node_modules\mongoose\lib\cast\objectid.js:20:14)
      at ObjectId.cast (C:\Users\Jenn\Desktop\Backend\TP18\node_modules\mongoose\lib\schema\objectid.js:246:12)
      at ObjectId.SchemaType.applySetters (C:\Users\Jenn\Desktop\Backend\TP18\node_modules\mongoose\lib\schematype.js:1201:12)
      at ObjectId.SchemaType._castForQuery (C:\Users\Jenn\Desktop\Backend\TP18\node_modules\mongoose\lib\schematype.js:1648:15)
      at ObjectId.SchemaType.castForQuery (C:\Users\Jenn\Desktop\Backend\TP18\node_modules\mongoose\lib\schematype.js:1636:15)
      at ObjectId.SchemaType.castForQueryWrapper (C:\Users\Jenn\Desktop\Backend\TP18\node_modules\mongoose\lib\schematype.js:1612:20)
      at cast (C:\Users\Jenn\Desktop\Backend\TP18\node_modules\mongoose\lib\cast.js:286:34)
      at model.Query.Query.cast (C:\Users\Jenn\Desktop\Backend\TP18\node_modules\mongoose\lib\query.js:5325:12),
  valueType: 'Object'
}
[2022-12-04T23:05:26.361] [ERROR] default - CastError: Cast to ObjectId failed for value "non-existent-id" (type string) at path "_id" for model "productos"
    at model.Query.exec (C:\Users\Jenn\Desktop\Backend\TP18\node_modules\mongoose\lib\query.js:4897:21)
    at model.Query.Query.then (C:\Users\Jenn\Desktop\Backend\TP18\node_modules\mongoose\lib\query.js:4996:15) {
  messageFormat: undefined,
  stringValue: '"non-existent-id"',
  kind: 'ObjectId',
  value: 'non-existent-id',
  path: '_id',
  reason: BSONTypeError: Argument passed in must be a string of 12 bytes or a string of 24 hex characters or an integer
      at new BSONTypeError (C:\Users\Jenn\Desktop\Backend\TP18\node_modules\bson\lib\error.js:41:28)
      at new ObjectId (C:\Users\Jenn\Desktop\Backend\TP18\node_modules\bson\lib\objectid.js:67:23)
      at castObjectId (C:\Users\Jenn\Desktop\Backend\TP18\node_modules\mongoose\lib\cast\objectid.js:25:12)
      at ObjectId.cast (C:\Users\Jenn\Desktop\Backend\TP18\node_modules\mongoose\lib\schema\objectid.js:246:12)
      at ObjectId.SchemaType.applySetters (C:\Users\Jenn\Desktop\Backend\TP18\node_modules\mongoose\lib\schematype.js:1201:12)
      at ObjectId.SchemaType._castForQuery (C:\Users\Jenn\Desktop\Backend\TP18\node_modules\mongoose\lib\schematype.js:1648:15)
      at ObjectId.SchemaType.castForQuery (C:\Users\Jenn\Desktop\Backend\TP18\node_modules\mongoose\lib\schematype.js:1636:15)
      at ObjectId.SchemaType.castForQueryWrapper (C:\Users\Jenn\Desktop\Backend\TP18\node_modules\mongoose\lib\schematype.js:1612:20)
      at cast (C:\Users\Jenn\Desktop\Backend\TP18\node_modules\mongoose\lib\cast.js:342:32)
      at model.Query.Query.cast (C:\Users\Jenn\Desktop\Backend\TP18\node_modules\mongoose\lib\query.js:5325:12),
  valueType: 'string'
}
[2022-12-04T23:05:26.822] [ERROR] default - CastError: Cast to ObjectId failed for value "{ _id: 'non-existent-id' }" (type Object) at path "_id" for model "productos"
    at model.Query.exec (C:\Users\Jenn\Desktop\Backend\TP18\node_modules\mongoose\lib\query.js:4897:21)
    at model.Query.Query.then (C:\Users\Jenn\Desktop\Backend\TP18\node_modules\mongoose\lib\query.js:4996:15)
    at processTicksAndRejections (node:internal/process/task_queues:96:5) {
  messageFormat: undefined,
  stringValue: `"{ _id: 'non-existent-id' }"`,
  kind: 'ObjectId',
  value: { _id: 'non-existent-id' },
  path: '_id',
  reason: BSONTypeError: Argument passed in must be a string of 12 bytes or a string of 24 hex characters or an integer
      at new BSONTypeError (C:\Users\Jenn\Desktop\Backend\TP18\node_modules\bson\lib\error.js:41:28)
      at new ObjectId (C:\Users\Jenn\Desktop\Backend\TP18\node_modules\bson\lib\objectid.js:67:23)
      at castObjectId (C:\Users\Jenn\Desktop\Backend\TP18\node_modules\mongoose\lib\cast\objectid.js:20:14)
      at ObjectId.cast (C:\Users\Jenn\Desktop\Backend\TP18\node_modules\mongoose\lib\schema\objectid.js:246:12)
      at ObjectId.SchemaType.applySetters (C:\Users\Jenn\Desktop\Backend\TP18\node_modules\mongoose\lib\schematype.js:1201:12)
      at ObjectId.SchemaType._castForQuery (C:\Users\Jenn\Desktop\Backend\TP18\node_modules\mongoose\lib\schematype.js:1648:15)
      at ObjectId.SchemaType.castForQuery (C:\Users\Jenn\Desktop\Backend\TP18\node_modules\mongoose\lib\schematype.js:1636:15)
      at ObjectId.SchemaType.castForQueryWrapper (C:\Users\Jenn\Desktop\Backend\TP18\node_modules\mongoose\lib\schematype.js:1612:20)
      at cast (C:\Users\Jenn\Desktop\Backend\TP18\node_modules\mongoose\lib\cast.js:286:34)
      at model.Query.Query.cast (C:\Users\Jenn\Desktop\Backend\TP18\node_modules\mongoose\lib\query.js:5325:12),
  valueType: 'Object'
}
[2022-12-04T23:07:04.560] [ERROR] default - CastError: Cast to ObjectId failed for value "non-existent-id" (type string) at path "_id" for model "productos"
    at model.Query.exec (C:\Users\Jenn\Desktop\Backend\TP18\node_modules\mongoose\lib\query.js:4897:21)
    at model.Query.Query.then (C:\Users\Jenn\Desktop\Backend\TP18\node_modules\mongoose\lib\query.js:4996:15) {
  messageFormat: undefined,
  stringValue: '"non-existent-id"',
  kind: 'ObjectId',
  value: 'non-existent-id',
  path: '_id',
  reason: BSONTypeError: Argument passed in must be a string of 12 bytes or a string of 24 hex characters or an integer
      at new BSONTypeError (C:\Users\Jenn\Desktop\Backend\TP18\node_modules\bson\lib\error.js:41:28)
      at new ObjectId (C:\Users\Jenn\Desktop\Backend\TP18\node_modules\bson\lib\objectid.js:67:23)
      at castObjectId (C:\Users\Jenn\Desktop\Backend\TP18\node_modules\mongoose\lib\cast\objectid.js:25:12)
      at ObjectId.cast (C:\Users\Jenn\Desktop\Backend\TP18\node_modules\mongoose\lib\schema\objectid.js:246:12)
      at ObjectId.SchemaType.applySetters (C:\Users\Jenn\Desktop\Backend\TP18\node_modules\mongoose\lib\schematype.js:1201:12)
      at ObjectId.SchemaType._castForQuery (C:\Users\Jenn\Desktop\Backend\TP18\node_modules\mongoose\lib\schematype.js:1648:15)
      at ObjectId.SchemaType.castForQuery (C:\Users\Jenn\Desktop\Backend\TP18\node_modules\mongoose\lib\schematype.js:1636:15)
      at ObjectId.SchemaType.castForQueryWrapper (C:\Users\Jenn\Desktop\Backend\TP18\node_modules\mongoose\lib\schematype.js:1612:20)
      at cast (C:\Users\Jenn\Desktop\Backend\TP18\node_modules\mongoose\lib\cast.js:342:32)
      at model.Query.Query.cast (C:\Users\Jenn\Desktop\Backend\TP18\node_modules\mongoose\lib\query.js:5325:12),
  valueType: 'string'
}
[2022-12-04T23:07:04.818] [ERROR] default - CastError: Cast to ObjectId failed for value "{ _id: 'non-existent-id' }" (type Object) at path "_id" for model "productos"
    at model.Query.exec (C:\Users\Jenn\Desktop\Backend\TP18\node_modules\mongoose\lib\query.js:4897:21)
    at model.Query.Query.then (C:\Users\Jenn\Desktop\Backend\TP18\node_modules\mongoose\lib\query.js:4996:15)
    at processTicksAndRejections (node:internal/process/task_queues:96:5) {
  messageFormat: undefined,
  stringValue: `"{ _id: 'non-existent-id' }"`,
  kind: 'ObjectId',
  value: { _id: 'non-existent-id' },
  path: '_id',
  reason: BSONTypeError: Argument passed in must be a string of 12 bytes or a string of 24 hex characters or an integer
      at new BSONTypeError (C:\Users\Jenn\Desktop\Backend\TP18\node_modules\bson\lib\error.js:41:28)
      at new ObjectId (C:\Users\Jenn\Desktop\Backend\TP18\node_modules\bson\lib\objectid.js:67:23)
      at castObjectId (C:\Users\Jenn\Desktop\Backend\TP18\node_modules\mongoose\lib\cast\objectid.js:20:14)
      at ObjectId.cast (C:\Users\Jenn\Desktop\Backend\TP18\node_modules\mongoose\lib\schema\objectid.js:246:12)
      at ObjectId.SchemaType.applySetters (C:\Users\Jenn\Desktop\Backend\TP18\node_modules\mongoose\lib\schematype.js:1201:12)
      at ObjectId.SchemaType._castForQuery (C:\Users\Jenn\Desktop\Backend\TP18\node_modules\mongoose\lib\schematype.js:1648:15)
      at ObjectId.SchemaType.castForQuery (C:\Users\Jenn\Desktop\Backend\TP18\node_modules\mongoose\lib\schematype.js:1636:15)
      at ObjectId.SchemaType.castForQueryWrapper (C:\Users\Jenn\Desktop\Backend\TP18\node_modules\mongoose\lib\schematype.js:1612:20)
      at cast (C:\Users\Jenn\Desktop\Backend\TP18\node_modules\mongoose\lib\cast.js:286:34)
      at model.Query.Query.cast (C:\Users\Jenn\Desktop\Backend\TP18\node_modules\mongoose\lib\query.js:5325:12),
  valueType: 'Object'
}
