[2023-01-09T13:43:26.835] [ERROR] Error - Error creando el usuario: MongoServerError: E11000 duplicate key error collection: test.users index: email_1 dup key: { email: "juancarlos@gmail.com" }
[2023-01-09T16:24:26.031] [ERROR] Error - [Error: ENOENT: no such file or directory, open 'C:\Users\Jenn\Desktop\Backend\EntregaFinal\public\img\1673292266028-IMG_6261.JPEG'] {
  errno: -4058,
  code: 'ENOENT',
  syscall: 'open',
  path: 'C:\\Users\\Jenn\\Desktop\\Backend\\EntregaFinal\\public\\img\\1673292266028-IMG_6261.JPEG',
  storageErrors: []
}
[2023-01-09T16:24:26.098] [ERROR] Error - Ruta: "/auth/signup" | Método: "POST" | Respuesta HTTP: "500: Internal Server Error"
[2023-01-09T16:24:33.068] [ERROR] Error - [Error: ENOENT: no such file or directory, open 'C:\Users\Jenn\Desktop\Backend\EntregaFinal\public\img\1673292273067-IMG_6261.JPEG'] {
  errno: -4058,
  code: 'ENOENT',
  syscall: 'open',
  path: 'C:\\Users\\Jenn\\Desktop\\Backend\\EntregaFinal\\public\\img\\1673292273067-IMG_6261.JPEG',
  storageErrors: []
}
[2023-01-09T16:24:33.128] [ERROR] Error - Ruta: "/auth/signup" | Método: "POST" | Respuesta HTTP: "500: Internal Server Error"
[2023-01-09T16:24:47.568] [ERROR] Error - [Error: ENOENT: no such file or directory, open 'C:\Users\Jenn\Desktop\Backend\EntregaFinal\public\img\1673292287567-IMG_6261.JPEG'] {
  errno: -4058,
  code: 'ENOENT',
  syscall: 'open',
  path: 'C:\\Users\\Jenn\\Desktop\\Backend\\EntregaFinal\\public\\img\\1673292287567-IMG_6261.JPEG',
  storageErrors: []
}
[2023-01-09T16:24:47.628] [ERROR] Error - Ruta: "/auth/signup" | Método: "POST" | Respuesta HTTP: "500: Internal Server Error"
[2023-01-10T16:39:46.839] [ERROR] Error - Error: Authenticate
    at success (C:\Users\Jenn\Desktop\Backend\EntregaFinal\node_modules\twilio\lib\base\Version.js:135:15)
    at Promise_then_fulfilled (C:\Users\Jenn\Desktop\Backend\EntregaFinal\node_modules\q\q.js:766:44)
    at Promise_done_fulfilled (C:\Users\Jenn\Desktop\Backend\EntregaFinal\node_modules\q\q.js:835:31)
    at Fulfilled_dispatch [as dispatch] (C:\Users\Jenn\Desktop\Backend\EntregaFinal\node_modules\q\q.js:1229:9)
    at Pending_become_eachMessage_task (C:\Users\Jenn\Desktop\Backend\EntregaFinal\node_modules\q\q.js:1369:30)
    at RawTask.call (C:\Users\Jenn\Desktop\Backend\EntregaFinal\node_modules\asap\asap.js:40:19)
    at flush (C:\Users\Jenn\Desktop\Backend\EntregaFinal\node_modules\asap\raw.js:50:29)
    at processTicksAndRejections (node:internal/process/task_queues:78:11) {
  status: 401,
  code: 20003,
  moreInfo: 'https://www.twilio.com/docs/errors/20003',
  details: undefined
}
