[2023-01-09T13:33:29.450] [WARN] Warn - Ruta: "/node_modules/bootstrap/dist/css/bootstrap.min.css" | Método: "GET" | Respuesta HTTP: "404: Not Found"
[2023-01-09T13:33:29.530] [WARN] Warn - Ruta: "/node_modules/@popperjs/core/dist/umd/popper.min.js" | Método: "GET" | Respuesta HTTP: "404: Not Found"
[2023-01-09T13:33:29.537] [WARN] Warn - Ruta: "/node_modules/bootstrap/dist/js/bootstrap.min.js" | Método: "GET" | Respuesta HTTP: "404: Not Found"
[2023-01-09T13:33:30.102] [WARN] Warn - Ruta: "/api/usuario" | Método: "GET" | Respuesta HTTP: "401: Unauthorized"
[2023-01-09T13:33:30.118] [WARN] Warn - Error al listar: no hay productos cargados en el sistema.
[2023-01-09T13:33:30.180] [WARN] Warn - Ruta: "/api/productos/listado" | Método: "GET" | Respuesta HTTP: "404: Not Found"
[2023-01-09T13:33:42.469] [WARN] Warn - Ruta: "/api/usuario" | Método: "GET" | Respuesta HTTP: "401: Unauthorized"
[2023-01-09T13:33:42.526] [WARN] Warn - Ruta: "/api/usuario" | Método: "GET" | Respuesta HTTP: "401: Unauthorized"
[2023-01-09T13:33:42.662] [WARN] Warn - Ruta: "/api/carrito/undefined/productos" | Método: "GET" | Respuesta HTTP: "401: Unauthorized"
[2023-01-09T13:33:44.516] [WARN] Warn - Ruta: "/node_modules/bootstrap/dist/css/bootstrap.min.css" | Método: "GET" | Respuesta HTTP: "404: Not Found"
[2023-01-09T13:33:44.547] [WARN] Warn - Ruta: "/node_modules/boxicons/css/boxicons.min.css" | Método: "GET" | Respuesta HTTP: "404: Not Found"
[2023-01-09T13:33:44.564] [WARN] Warn - Ruta: "/node_modules/handlebars/dist/handlebars.min.js" | Método: "GET" | Respuesta HTTP: "404: Not Found"
[2023-01-09T13:33:44.564] [WARN] Warn - Ruta: "/node_modules/@popperjs/core/dist/umd/popper.min.js" | Método: "GET" | Respuesta HTTP: "404: Not Found"
[2023-01-09T13:33:44.564] [WARN] Warn - Ruta: "/node_modules/bootstrap/dist/js/bootstrap.min.js" | Método: "GET" | Respuesta HTTP: "404: Not Found"
[2023-01-09T13:33:44.928] [WARN] Warn - No se encontraron mensajes en la base de datos.
[2023-01-09T13:33:44.961] [WARN] Warn - Ruta: "/api/usuario" | Método: "GET" | Respuesta HTTP: "401: Unauthorized"
[2023-01-09T13:33:46.154] [WARN] Warn - No se encontraron mensajes en la base de datos.
[2023-01-09T13:33:53.233] [WARN] Warn - Ruta: "/node_modules/@popperjs/core/dist/umd/popper.min.js" | Método: "GET" | Respuesta HTTP: "404: Not Found"
[2023-01-09T13:33:53.259] [WARN] Warn - Ruta: "/node_modules/boxicons/css/boxicons.min.css" | Método: "GET" | Respuesta HTTP: "404: Not Found"
[2023-01-09T13:33:53.259] [WARN] Warn - Ruta: "/node_modules/bootstrap/dist/css/bootstrap.min.css" | Método: "GET" | Respuesta HTTP: "404: Not Found"
[2023-01-09T13:33:53.258] [WARN] Warn - Ruta: "/node_modules/bootstrap/dist/js/bootstrap.min.js" | Método: "GET" | Respuesta HTTP: "404: Not Found"
[2023-01-09T13:33:53.711] [WARN] Warn - Ruta: "/api/usuario" | Método: "GET" | Respuesta HTTP: "401: Unauthorized"
[2023-01-09T13:33:53.726] [WARN] Warn - Error al listar: no hay productos cargados en el sistema.
[2023-01-09T13:33:53.787] [WARN] Warn - Ruta: "/api/productos/listado" | Método: "GET" | Respuesta HTTP: "404: Not Found"
[2023-01-09T13:34:23.136] [WARN] Warn - Ruta: "/node_modules/handlebars/dist/handlebars.min.js" | Método: "GET" | Respuesta HTTP: "404: Not Found"
[2023-01-09T13:34:23.151] [WARN] Warn - Ruta: "/node_modules/boxicons/css/boxicons.min.css" | Método: "GET" | Respuesta HTTP: "404: Not Found"
[2023-01-09T13:34:23.151] [WARN] Warn - Ruta: "/node_modules/bootstrap/dist/css/bootstrap.min.css" | Método: "GET" | Respuesta HTTP: "404: Not Found"
[2023-01-09T13:34:23.167] [WARN] Warn - Ruta: "/node_modules/@popperjs/core/dist/umd/popper.min.js" | Método: "GET" | Respuesta HTTP: "404: Not Found"
[2023-01-09T13:34:23.167] [WARN] Warn - Ruta: "/node_modules/bootstrap/dist/js/bootstrap.min.js" | Método: "GET" | Respuesta HTTP: "404: Not Found"
[2023-01-09T13:34:23.516] [WARN] Warn - No se encontraron mensajes en la base de datos.
[2023-01-09T13:34:23.571] [WARN] Warn - Ruta: "/api/usuario" | Método: "GET" | Respuesta HTTP: "401: Unauthorized"
[2023-01-09T13:34:31.067] [WARN] Warn - Ruta: "/node_modules/normalizr/dist/normalizr.browser.min.js" | Método: "GET" | Respuesta HTTP: "404: Not Found"
[2023-01-09T13:34:31.129] [WARN] Warn - Ruta: "/node_modules/@popperjs/core/dist/umd/popper.min.js" | Método: "GET" | Respuesta HTTP: "404: Not Found"
[2023-01-09T13:34:31.155] [WARN] Warn - Ruta: "/node_modules/bootstrap/dist/js/bootstrap.min.js" | Método: "GET" | Respuesta HTTP: "404: Not Found"
[2023-01-09T13:34:31.309] [WARN] Warn - No se encontraron mensajes en la base de datos.
[2023-01-09T13:34:31.328] [WARN] Warn - Ruta: "/api/usuario" | Método: "GET" | Respuesta HTTP: "401: Unauthorized"
[2023-01-09T13:34:42.885] [WARN] Warn - Ruta: "/node_modules/@popperjs/core/dist/umd/popper.min.js" | Método: "GET" | Respuesta HTTP: "404: Not Found"
[2023-01-09T13:34:42.886] [WARN] Warn - Ruta: "/node_modules/bootstrap/dist/css/bootstrap.min.css" | Método: "GET" | Respuesta HTTP: "404: Not Found"
[2023-01-09T13:34:42.896] [WARN] Warn - Ruta: "/node_modules/boxicons/css/boxicons.min.css" | Método: "GET" | Respuesta HTTP: "404: Not Found"
[2023-01-09T13:34:43.352] [WARN] Warn - Error al listar: no hay productos cargados en el sistema.
[2023-01-09T13:34:43.358] [WARN] Warn - Ruta: "/api/usuario" | Método: "GET" | Respuesta HTTP: "401: Unauthorized"
[2023-01-09T13:34:43.411] [WARN] Warn - Ruta: "/api/productos/listado" | Método: "GET" | Respuesta HTTP: "404: Not Found"
[2023-01-09T13:35:43.118] [WARN] Warn - Ruta: "/node_modules/boxicons/css/boxicons.min.css" | Método: "GET" | Respuesta HTTP: "404: Not Found"
[2023-01-09T13:35:43.118] [WARN] Warn - Ruta: "/node_modules/bootstrap/dist/js/bootstrap.min.js" | Método: "GET" | Respuesta HTTP: "404: Not Found"
[2023-01-09T13:35:43.133] [WARN] Warn - Ruta: "/node_modules/bootstrap/dist/css/bootstrap.min.css" | Método: "GET" | Respuesta HTTP: "404: Not Found"
[2023-01-09T13:35:43.133] [WARN] Warn - Ruta: "/node_modules/@popperjs/core/dist/umd/popper.min.js" | Método: "GET" | Respuesta HTTP: "404: Not Found"
[2023-01-09T13:35:43.769] [WARN] Warn - Error al listar: no hay productos cargados en el sistema.
[2023-01-09T13:35:43.782] [WARN] Warn - Ruta: "/api/usuario" | Método: "GET" | Respuesta HTTP: "401: Unauthorized"
[2023-01-09T13:35:43.828] [WARN] Warn - Ruta: "/api/productos/listado" | Método: "GET" | Respuesta HTTP: "404: Not Found"
[2023-01-09T13:41:31.183] [WARN] Warn - Ruta: "/node_modules/bootstrap/dist/css/bootstrap.min.css" | Método: "GET" | Respuesta HTTP: "404: Not Found"
[2023-01-09T13:41:31.207] [WARN] Warn - Ruta: "/node_modules/boxicons/css/boxicons.min.css" | Método: "GET" | Respuesta HTTP: "404: Not Found"
[2023-01-09T13:41:31.250] [WARN] Warn - Ruta: "/node_modules/bootstrap/dist/js/bootstrap.min.js" | Método: "GET" | Respuesta HTTP: "404: Not Found"
[2023-01-09T13:41:31.251] [WARN] Warn - Ruta: "/node_modules/@popperjs/core/dist/umd/popper.min.js" | Método: "GET" | Respuesta HTTP: "404: Not Found"
[2023-01-09T13:41:31.646] [WARN] Warn - Ruta: "/api/usuario" | Método: "GET" | Respuesta HTTP: "401: Unauthorized"
[2023-01-09T13:41:31.646] [WARN] Warn - Error al listar: no hay productos cargados en el sistema.
[2023-01-09T13:41:31.714] [WARN] Warn - Ruta: "/api/productos/listado" | Método: "GET" | Respuesta HTTP: "404: Not Found"
[2023-01-09T13:41:33.294] [WARN] Warn - Ruta: "/node_modules/bootstrap/dist/js/bootstrap.min.js" | Método: "GET" | Respuesta HTTP: "404: Not Found"
[2023-01-09T13:41:33.294] [WARN] Warn - Ruta: "/node_modules/@popperjs/core/dist/umd/popper.min.js" | Método: "GET" | Respuesta HTTP: "404: Not Found"
[2023-01-09T13:41:33.525] [WARN] Warn - Ruta: "/api/usuario" | Método: "GET" | Respuesta HTTP: "401: Unauthorized"
[2023-01-09T13:41:33.583] [WARN] Warn - Ruta: "/api/usuario" | Método: "GET" | Respuesta HTTP: "401: Unauthorized"
[2023-01-09T13:41:33.734] [WARN] Warn - Ruta: "/api/carrito/undefined/productos" | Método: "GET" | Respuesta HTTP: "401: Unauthorized"
[2023-01-09T13:41:36.227] [WARN] Warn - Ruta: "/node_modules/bootstrap/dist/css/bootstrap.min.css" | Método: "GET" | Respuesta HTTP: "404: Not Found"
[2023-01-09T13:41:36.227] [WARN] Warn - Ruta: "/node_modules/handlebars/dist/handlebars.min.js" | Método: "GET" | Respuesta HTTP: "404: Not Found"
[2023-01-09T13:41:36.232] [WARN] Warn - Ruta: "/node_modules/normalizr/dist/normalizr.browser.min.js" | Método: "GET" | Respuesta HTTP: "404: Not Found"
[2023-01-09T13:41:36.232] [WARN] Warn - Ruta: "/node_modules/bootstrap/dist/js/bootstrap.min.js" | Método: "GET" | Respuesta HTTP: "404: Not Found"
[2023-01-09T13:41:36.233] [WARN] Warn - Ruta: "/node_modules/boxicons/css/boxicons.min.css" | Método: "GET" | Respuesta HTTP: "404: Not Found"
[2023-01-09T13:41:36.242] [WARN] Warn - Ruta: "/node_modules/@popperjs/core/dist/umd/popper.min.js" | Método: "GET" | Respuesta HTTP: "404: Not Found"
[2023-01-09T13:41:36.482] [WARN] Warn - No se encontraron mensajes en la base de datos.
[2023-01-09T13:41:36.532] [WARN] Warn - Ruta: "/api/usuario" | Método: "GET" | Respuesta HTTP: "401: Unauthorized"
[2023-01-09T13:41:39.590] [WARN] Warn - Ruta: "/node_modules/@popperjs/core/dist/umd/popper.min.js" | Método: "GET" | Respuesta HTTP: "404: Not Found"
[2023-01-09T13:41:39.590] [WARN] Warn - Ruta: "/node_modules/boxicons/css/boxicons.min.css" | Método: "GET" | Respuesta HTTP: "404: Not Found"
[2023-01-09T13:41:39.598] [WARN] Warn - Ruta: "/node_modules/bootstrap/dist/css/bootstrap.min.css" | Método: "GET" | Respuesta HTTP: "404: Not Found"
[2023-01-09T13:41:39.626] [WARN] Warn - Ruta: "/node_modules/bootstrap/dist/js/bootstrap.min.js" | Método: "GET" | Respuesta HTTP: "404: Not Found"
[2023-01-09T13:41:39.945] [WARN] Warn - Ruta: "/api/usuario" | Método: "GET" | Respuesta HTTP: "401: Unauthorized"
[2023-01-09T13:41:39.976] [WARN] Warn - Error al listar: no hay productos cargados en el sistema.
[2023-01-09T13:41:40.032] [WARN] Warn - Ruta: "/api/productos/listado" | Método: "GET" | Respuesta HTTP: "404: Not Found"
[2023-01-09T13:43:26.891] [WARN] Warn - Ruta: "/auth/signup" | Método: "POST" | Respuesta HTTP: "404: Not Found"
[2023-01-09T15:23:59.181] [WARN] Warn - Ruta: "/node_modules/bootstrap/dist/css/bootstrap.min.css" | Método: "GET" | Respuesta HTTP: "404: Not Found"
[2023-01-09T15:23:59.206] [WARN] Warn - Ruta: "/node_modules/@popperjs/core/dist/umd/popper.min.js" | Método: "GET" | Respuesta HTTP: "404: Not Found"
[2023-01-09T15:23:59.528] [WARN] Warn - Ruta: "/node_modules/bootstrap/dist/js/bootstrap.min.js" | Método: "GET" | Respuesta HTTP: "404: Not Found"
[2023-01-09T15:23:59.528] [WARN] Warn - Ruta: "/node_modules/boxicons/css/boxicons.min.css" | Método: "GET" | Respuesta HTTP: "404: Not Found"
[2023-01-09T15:23:59.899] [WARN] Warn - Ruta: "/api/usuario" | Método: "GET" | Respuesta HTTP: "401: Unauthorized"
[2023-01-09T15:23:59.902] [WARN] Warn - Error al listar: no hay productos cargados en el sistema.
[2023-01-09T15:23:59.973] [WARN] Warn - Ruta: "/api/productos/listado" | Método: "GET" | Respuesta HTTP: "404: Not Found"
[2023-01-09T15:24:24.762] [WARN] Warn - Ruta: "/node_modules/boxicons/css/boxicons.min.css" | Método: "GET" | Respuesta HTTP: "404: Not Found"
[2023-01-09T15:24:24.786] [WARN] Warn - Ruta: "/node_modules/bootstrap/dist/js/bootstrap.min.js" | Método: "GET" | Respuesta HTTP: "404: Not Found"
[2023-01-09T15:24:24.899] [WARN] Warn - Ruta: "/node_modules/bootstrap/dist/css/bootstrap.min.css" | Método: "GET" | Respuesta HTTP: "404: Not Found"
[2023-01-09T15:24:24.918] [WARN] Warn - Ruta: "/node_modules/@popperjs/core/dist/umd/popper.min.js" | Método: "GET" | Respuesta HTTP: "404: Not Found"
[2023-01-09T15:24:25.554] [WARN] Warn - Ruta: "/api/usuario" | Método: "GET" | Respuesta HTTP: "401: Unauthorized"
[2023-01-09T15:24:25.556] [WARN] Warn - Error al listar: no hay productos cargados en el sistema.
[2023-01-09T15:24:25.616] [WARN] Warn - Ruta: "/api/productos/listado" | Método: "GET" | Respuesta HTTP: "404: Not Found"
[2023-01-09T15:24:36.870] [WARN] Warn - Ruta: "/node_modules/boxicons/css/boxicons.min.css" | Método: "GET" | Respuesta HTTP: "404: Not Found"
[2023-01-09T15:24:36.869] [WARN] Warn - Ruta: "/node_modules/bootstrap/dist/css/bootstrap.min.css" | Método: "GET" | Respuesta HTTP: "404: Not Found"
[2023-01-09T15:24:36.886] [WARN] Warn - Ruta: "/node_modules/bootstrap/dist/js/bootstrap.min.js" | Método: "GET" | Respuesta HTTP: "404: Not Found"
[2023-01-09T15:24:36.920] [WARN] Warn - Ruta: "/node_modules/@popperjs/core/dist/umd/popper.min.js" | Método: "GET" | Respuesta HTTP: "404: Not Found"
[2023-01-09T15:24:37.257] [WARN] Warn - Ruta: "/api/usuario" | Método: "GET" | Respuesta HTTP: "401: Unauthorized"
[2023-01-09T15:24:37.270] [WARN] Warn - Error al listar: no hay productos cargados en el sistema.
[2023-01-09T15:24:37.337] [WARN] Warn - Ruta: "/api/productos/listado" | Método: "GET" | Respuesta HTTP: "404: Not Found"
[2023-01-09T16:19:09.785] [WARN] Warn - Ruta: "/api/usuario" | Método: "GET" | Respuesta HTTP: "401: Unauthorized"
[2023-01-09T16:19:09.842] [WARN] Warn - Ruta: "/api/usuario" | Método: "GET" | Respuesta HTTP: "401: Unauthorized"
[2023-01-09T16:19:09.966] [WARN] Warn - Ruta: "/api/carrito/undefined/productos" | Método: "GET" | Respuesta HTTP: "401: Unauthorized"
[2023-01-09T16:19:15.449] [WARN] Warn - Ruta: "/node_modules/bootstrap/dist/css/bootstrap.min.css" | Método: "GET" | Respuesta HTTP: "404: Not Found"
[2023-01-09T16:19:15.467] [WARN] Warn - Ruta: "/node_modules/bootstrap/dist/js/bootstrap.min.js" | Método: "GET" | Respuesta HTTP: "404: Not Found"
[2023-01-09T16:19:15.960] [WARN] Warn - Error al listar: no hay productos cargados en el sistema.
[2023-01-09T16:19:15.960] [WARN] Warn - Ruta: "/api/usuario" | Método: "GET" | Respuesta HTTP: "401: Unauthorized"
[2023-01-09T16:19:16.022] [WARN] Warn - Ruta: "/api/productos/listado" | Método: "GET" | Respuesta HTTP: "404: Not Found"
[2023-01-09T16:19:48.757] [WARN] Warn - Ruta: "/api/productos/" | Método: "POST" | Respuesta HTTP: "401: Unauthorized"
[2023-01-09T16:19:54.507] [WARN] Warn - Ruta: "/api/productos/" | Método: "POST" | Respuesta HTTP: "401: Unauthorized"
[2023-01-09T16:20:04.121] [WARN] Warn - Ruta: "/api/usuario" | Método: "GET" | Respuesta HTTP: "401: Unauthorized"
[2023-01-09T16:20:04.187] [WARN] Warn - Ruta: "/api/usuario" | Método: "GET" | Respuesta HTTP: "401: Unauthorized"
[2023-01-09T16:20:04.317] [WARN] Warn - Ruta: "/api/carrito/undefined/productos" | Método: "GET" | Respuesta HTTP: "401: Unauthorized"
[2023-01-09T16:20:05.761] [WARN] Warn - Ruta: "/node_modules/bootstrap/dist/css/bootstrap.min.css" | Método: "GET" | Respuesta HTTP: "404: Not Found"
[2023-01-09T16:20:05.781] [WARN] Warn - Ruta: "/node_modules/boxicons/css/boxicons.min.css" | Método: "GET" | Respuesta HTTP: "404: Not Found"
[2023-01-09T16:20:05.780] [WARN] Warn - Ruta: "/node_modules/@popperjs/core/dist/umd/popper.min.js" | Método: "GET" | Respuesta HTTP: "404: Not Found"
[2023-01-09T16:20:05.796] [WARN] Warn - Ruta: "/node_modules/bootstrap/dist/js/bootstrap.min.js" | Método: "GET" | Respuesta HTTP: "404: Not Found"
[2023-01-09T16:20:05.995] [WARN] Warn - Ruta: "/api/usuario" | Método: "GET" | Respuesta HTTP: "401: Unauthorized"
[2023-01-09T16:20:06.000] [WARN] Warn - Error al listar: no hay productos cargados en el sistema.
[2023-01-09T16:20:06.057] [WARN] Warn - Ruta: "/api/productos/listado" | Método: "GET" | Respuesta HTTP: "404: Not Found"
[2023-01-09T16:20:09.388] [WARN] Warn - Ruta: "/productos" | Método: "GET" | Respuesta HTTP: "404: Not Found"
[2023-01-09T16:20:12.175] [WARN] Warn - Ruta: "/producto" | Método: "GET" | Respuesta HTTP: "404: Not Found"
[2023-01-09T16:22:17.328] [WARN] Warn - Ruta: "/node_modules/@popperjs/core/dist/umd/popper.min.js" | Método: "GET" | Respuesta HTTP: "404: Not Found"
[2023-01-09T16:22:17.328] [WARN] Warn - Ruta: "/node_modules/bootstrap/dist/js/bootstrap.min.js" | Método: "GET" | Respuesta HTTP: "404: Not Found"
[2023-01-09T16:22:17.648] [WARN] Warn - Ruta: "/node_modules/bootstrap/dist/css/bootstrap.min.css" | Método: "GET" | Respuesta HTTP: "404: Not Found"
[2023-01-09T16:22:17.710] [WARN] Warn - Ruta: "/node_modules/boxicons/css/boxicons.min.css" | Método: "GET" | Respuesta HTTP: "404: Not Found"
[2023-01-09T16:22:18.048] [WARN] Warn - Ruta: "/api/usuario" | Método: "GET" | Respuesta HTTP: "401: Unauthorized"
[2023-01-09T16:22:18.084] [WARN] Warn - Error al listar: no hay productos cargados en el sistema.
[2023-01-09T16:22:18.155] [WARN] Warn - Ruta: "/api/productos/listado" | Método: "GET" | Respuesta HTTP: "404: Not Found"
[2023-01-09T16:22:55.002] [WARN] Warn - Ruta: "/node_modules/bootstrap/dist/css/bootstrap.min.css" | Método: "GET" | Respuesta HTTP: "404: Not Found"
[2023-01-09T16:22:55.002] [WARN] Warn - Ruta: "/node_modules/boxicons/css/boxicons.min.css" | Método: "GET" | Respuesta HTTP: "404: Not Found"
[2023-01-09T16:22:55.022] [WARN] Warn - Ruta: "/node_modules/@popperjs/core/dist/umd/popper.min.js" | Método: "GET" | Respuesta HTTP: "404: Not Found"
[2023-01-09T16:22:55.022] [WARN] Warn - Ruta: "/node_modules/bootstrap/dist/js/bootstrap.min.js" | Método: "GET" | Respuesta HTTP: "404: Not Found"
[2023-01-09T16:22:55.038] [WARN] Warn - Ruta: "/node_modules/normalizr/dist/normalizr.browser.min.js" | Método: "GET" | Respuesta HTTP: "404: Not Found"
[2023-01-09T16:22:55.038] [WARN] Warn - Ruta: "/node_modules/handlebars/dist/handlebars.min.js" | Método: "GET" | Respuesta HTTP: "404: Not Found"
[2023-01-09T16:22:55.394] [WARN] Warn - No se encontraron mensajes en la base de datos.
[2023-01-09T16:22:55.404] [WARN] Warn - Ruta: "/api/usuario" | Método: "GET" | Respuesta HTTP: "401: Unauthorized"
[2023-01-09T16:22:56.896] [WARN] Warn - No se encontraron mensajes en la base de datos.
[2023-01-09T16:22:58.019] [WARN] Warn - Ruta: "/api/usuario" | Método: "GET" | Respuesta HTTP: "401: Unauthorized"
[2023-01-09T16:22:58.039] [WARN] Warn - Error al listar: no hay productos cargados en el sistema.
[2023-01-09T16:22:58.096] [WARN] Warn - Ruta: "/api/productos/listado" | Método: "GET" | Respuesta HTTP: "404: Not Found"
[2023-01-09T16:22:59.627] [WARN] Warn - Ruta: "/node_modules/bootstrap/dist/css/bootstrap.min.css" | Método: "GET" | Respuesta HTTP: "404: Not Found"
[2023-01-09T16:22:59.637] [WARN] Warn - Ruta: "/node_modules/boxicons/css/boxicons.min.css" | Método: "GET" | Respuesta HTTP: "404: Not Found"
[2023-01-09T16:22:59.639] [WARN] Warn - Ruta: "/node_modules/@popperjs/core/dist/umd/popper.min.js" | Método: "GET" | Respuesta HTTP: "404: Not Found"
[2023-01-09T16:22:59.655] [WARN] Warn - Ruta: "/node_modules/bootstrap/dist/js/bootstrap.min.js" | Método: "GET" | Respuesta HTTP: "404: Not Found"
[2023-01-09T16:22:59.906] [WARN] Warn - Ruta: "/api/usuario" | Método: "GET" | Respuesta HTTP: "401: Unauthorized"
[2023-01-09T16:22:59.985] [WARN] Warn - Ruta: "/api/usuario" | Método: "GET" | Respuesta HTTP: "401: Unauthorized"
[2023-01-09T16:23:00.124] [WARN] Warn - Ruta: "/api/carrito/undefined/productos" | Método: "GET" | Respuesta HTTP: "401: Unauthorized"
[2023-01-09T16:23:03.177] [WARN] Warn - Ruta: "/node_modules/boxicons/css/boxicons.min.css" | Método: "GET" | Respuesta HTTP: "404: Not Found"
[2023-01-09T16:23:03.186] [WARN] Warn - Ruta: "/node_modules/@popperjs/core/dist/umd/popper.min.js" | Método: "GET" | Respuesta HTTP: "404: Not Found"
[2023-01-09T16:23:03.185] [WARN] Warn - Ruta: "/node_modules/bootstrap/dist/js/bootstrap.min.js" | Método: "GET" | Respuesta HTTP: "404: Not Found"
[2023-01-09T16:23:03.186] [WARN] Warn - Ruta: "/node_modules/bootstrap/dist/css/bootstrap.min.css" | Método: "GET" | Respuesta HTTP: "404: Not Found"
[2023-01-09T16:23:03.469] [WARN] Warn - Ruta: "/api/usuario" | Método: "GET" | Respuesta HTTP: "401: Unauthorized"
[2023-01-09T16:23:03.469] [WARN] Warn - Error al listar: no hay productos cargados en el sistema.
[2023-01-09T16:23:03.528] [WARN] Warn - Ruta: "/api/productos/listado" | Método: "GET" | Respuesta HTTP: "404: Not Found"
[2023-01-09T16:23:14.536] [WARN] Warn - Error al listar: no hay productos cargados en el sistema.
[2023-01-09T16:23:14.592] [WARN] Warn - Ruta: "/api/productos/listado" | Método: "GET" | Respuesta HTTP: "404: Not Found"
[2023-01-09T16:23:33.914] [WARN] Warn - Ruta: "/api/productos/" | Método: "POST" | Respuesta HTTP: "401: Unauthorized"
[2023-01-09T16:33:03.623] [WARN] Warn - Ruta: "/node_modules/bootstrap/dist/css/bootstrap.min.css" | Método: "GET" | Respuesta HTTP: "404: Not Found"
[2023-01-09T16:33:03.626] [WARN] Warn - Ruta: "/node_modules/boxicons/css/boxicons.min.css" | Método: "GET" | Respuesta HTTP: "404: Not Found"
[2023-01-09T16:33:03.991] [WARN] Warn - Ruta: "/node_modules/bootstrap/dist/js/bootstrap.min.js" | Método: "GET" | Respuesta HTTP: "404: Not Found"
[2023-01-09T16:33:03.990] [WARN] Warn - Ruta: "/node_modules/@popperjs/core/dist/umd/popper.min.js" | Método: "GET" | Respuesta HTTP: "404: Not Found"
[2023-01-09T16:33:06.373] [WARN] Warn - Ruta: "/node_modules/boxicons/css/boxicons.min.css" | Método: "GET" | Respuesta HTTP: "404: Not Found"
[2023-01-09T16:33:06.372] [WARN] Warn - Ruta: "/node_modules/bootstrap/dist/css/bootstrap.min.css" | Método: "GET" | Respuesta HTTP: "404: Not Found"
[2023-01-09T16:33:06.388] [WARN] Warn - Ruta: "/node_modules/bootstrap/dist/js/bootstrap.min.js" | Método: "GET" | Respuesta HTTP: "404: Not Found"
[2023-01-09T16:33:06.389] [WARN] Warn - Ruta: "/node_modules/@popperjs/core/dist/umd/popper.min.js" | Método: "GET" | Respuesta HTTP: "404: Not Found"
[2023-01-09T16:33:06.698] [WARN] Warn - Ruta: "/api/usuario" | Método: "GET" | Respuesta HTTP: "401: Unauthorized"
[2023-01-09T16:33:06.699] [WARN] Warn - Error al listar: no hay productos cargados en el sistema.
[2023-01-09T16:33:06.757] [WARN] Warn - Ruta: "/api/productos/listado" | Método: "GET" | Respuesta HTTP: "404: Not Found"
[2023-01-09T16:35:47.553] [WARN] Warn - Ruta: "/node_modules/bootstrap/dist/css/bootstrap.min.css" | Método: "GET" | Respuesta HTTP: "404: Not Found"
[2023-01-09T16:35:47.554] [WARN] Warn - Ruta: "/node_modules/boxicons/css/boxicons.min.css" | Método: "GET" | Respuesta HTTP: "404: Not Found"
[2023-01-09T16:35:47.943] [WARN] Warn - Ruta: "/node_modules/bootstrap/dist/js/bootstrap.min.js" | Método: "GET" | Respuesta HTTP: "404: Not Found"
[2023-01-09T16:35:48.095] [WARN] Warn - Ruta: "/api/usuario" | Método: "GET" | Respuesta HTTP: "401: Unauthorized"
[2023-01-09T16:35:48.144] [WARN] Warn - Error al listar: no hay productos cargados en el sistema.
[2023-01-09T16:35:48.206] [WARN] Warn - Ruta: "/api/productos/listado" | Método: "GET" | Respuesta HTTP: "404: Not Found"
[2023-01-09T16:40:09.433] [WARN] Warn - Ruta: "/" | Método: "POST" | Respuesta HTTP: "404: Not Found"
[2023-01-09T16:40:44.239] [WARN] Warn - Ruta: "/" | Método: "POST" | Respuesta HTTP: "404: Not Found"
[2023-01-09T16:40:47.344] [WARN] Warn - Ruta: "/" | Método: "POST" | Respuesta HTTP: "404: Not Found"
[2023-01-09T16:46:27.540] [WARN] Warn - Ruta: "/" | Método: "POST" | Respuesta HTTP: "404: Not Found"
[2023-01-09T16:48:36.935] [WARN] Warn - Ruta: "/" | Método: "POST" | Respuesta HTTP: "404: Not Found"
[2023-01-09T16:48:45.521] [WARN] Warn - Ruta: "/" | Método: "POST" | Respuesta HTTP: "404: Not Found"
[2023-01-09T16:50:31.279] [WARN] Warn - Ruta: "/" | Método: "POST" | Respuesta HTTP: "404: Not Found"
[2023-01-09T16:50:39.718] [WARN] Warn - Ruta: "/" | Método: "POST" | Respuesta HTTP: "404: Not Found"
[2023-01-09T16:50:43.522] [WARN] Warn - Ruta: "/" | Método: "POST" | Respuesta HTTP: "404: Not Found"
[2023-01-09T17:56:40.154] [WARN] Warn - Ruta: "/node_modules/boxicons/css/boxicons.min.css" | Método: "GET" | Respuesta HTTP: "404: Not Found"
[2023-01-09T17:56:40.639] [WARN] Warn - Ruta: "/api/usuario" | Método: "GET" | Respuesta HTTP: "401: Unauthorized"
[2023-01-09T17:56:40.641] [WARN] Warn - Error al listar: no hay productos cargados en el sistema.
[2023-01-09T17:56:40.702] [WARN] Warn - Ruta: "/api/productos/listado" | Método: "GET" | Respuesta HTTP: "404: Not Found"
[2023-01-09T17:56:48.399] [WARN] Warn - Ruta: "/node_modules/@popperjs/core/dist/umd/popper.min.js" | Método: "GET" | Respuesta HTTP: "404: Not Found"
[2023-01-09T17:56:48.469] [WARN] Warn - Ruta: "/api/usuario" | Método: "GET" | Respuesta HTTP: "401: Unauthorized"
[2023-01-09T17:56:48.482] [WARN] Warn - Error al listar: no hay productos cargados en el sistema.
[2023-01-09T17:56:48.546] [WARN] Warn - Ruta: "/api/productos/listado" | Método: "GET" | Respuesta HTTP: "404: Not Found"
[2023-01-09T17:56:51.593] [WARN] Warn - Ruta: "/node_modules/boxicons/css/boxicons.min.css" | Método: "GET" | Respuesta HTTP: "404: Not Found"
[2023-01-09T17:56:51.592] [WARN] Warn - Ruta: "/node_modules/bootstrap/dist/css/bootstrap.min.css" | Método: "GET" | Respuesta HTTP: "404: Not Found"
[2023-01-09T17:56:51.604] [WARN] Warn - Ruta: "/node_modules/bootstrap/dist/js/bootstrap.min.js" | Método: "GET" | Respuesta HTTP: "404: Not Found"
[2023-01-09T17:56:51.605] [WARN] Warn - Ruta: "/node_modules/@popperjs/core/dist/umd/popper.min.js" | Método: "GET" | Respuesta HTTP: "404: Not Found"
[2023-01-09T17:56:51.811] [WARN] Warn - Ruta: "/api/usuario" | Método: "GET" | Respuesta HTTP: "401: Unauthorized"
[2023-01-09T17:56:51.811] [WARN] Warn - Error al listar: no hay productos cargados en el sistema.
[2023-01-09T17:56:51.869] [WARN] Warn - Ruta: "/api/productos/listado" | Método: "GET" | Respuesta HTTP: "404: Not Found"
[2023-01-09T17:59:12.506] [WARN] Warn - Ruta: "/node_modules/bootstrap/dist/js/bootstrap.min.js" | Método: "GET" | Respuesta HTTP: "404: Not Found"
[2023-01-09T17:59:23.517] [WARN] Warn - Error al listar: no hay productos cargados en el sistema.
[2023-01-09T17:59:23.583] [WARN] Warn - Ruta: "/api/productos/listado" | Método: "GET" | Respuesta HTTP: "404: Not Found"
[2023-01-09T18:00:09.091] [WARN] Warn - Ruta: "/node_modules/boxicons/css/boxicons.min.css" | Método: "GET" | Respuesta HTTP: "404: Not Found"
[2023-01-09T18:00:09.133] [WARN] Warn - Ruta: "/node_modules/bootstrap/dist/css/bootstrap.min.css" | Método: "GET" | Respuesta HTTP: "404: Not Found"
[2023-01-09T18:00:09.555] [WARN] Warn - Error al listar: no hay ordenes adjuntas al cliente.
[2023-01-09T18:00:09.620] [WARN] Warn - Ruta: "/api/ordenes/" | Método: "GET" | Respuesta HTTP: "404: Not Found"
[2023-01-09T18:00:22.090] [WARN] Warn - Error al listar: no existe un carrito con el id indicado.
[2023-01-09T18:00:22.153] [WARN] Warn - Ruta: "/api/carrito/63bc801abe2aff21d76b5d41/productos" | Método: "GET" | Respuesta HTTP: "404: Not Found"
[2023-01-09T18:11:07.170] [WARN] Warn - Ruta: "/node_modules/boxicons/css/boxicons.min.css" | Método: "GET" | Respuesta HTTP: "404: Not Found"
[2023-01-09T18:11:07.170] [WARN] Warn - Ruta: "/node_modules/bootstrap/dist/css/bootstrap.min.css" | Método: "GET" | Respuesta HTTP: "404: Not Found"
[2023-01-09T18:11:07.185] [WARN] Warn - Ruta: "/node_modules/@popperjs/core/dist/umd/popper.min.js" | Método: "GET" | Respuesta HTTP: "404: Not Found"
[2023-01-09T18:11:07.185] [WARN] Warn - Ruta: "/node_modules/bootstrap/dist/js/bootstrap.min.js" | Método: "GET" | Respuesta HTTP: "404: Not Found"
[2023-01-09T18:11:07.740] [WARN] Warn - Ruta: "/api/usuario" | Método: "GET" | Respuesta HTTP: "401: Unauthorized"
[2023-01-09T18:11:07.807] [WARN] Warn - Ruta: "/api/usuario" | Método: "GET" | Respuesta HTTP: "401: Unauthorized"
[2023-01-09T18:11:07.961] [WARN] Warn - Ruta: "/api/carrito/undefined/productos" | Método: "GET" | Respuesta HTTP: "401: Unauthorized"
[2023-01-09T18:11:42.042] [WARN] Warn - Ruta: "/api/usuario" | Método: "GET" | Respuesta HTTP: "401: Unauthorized"
[2023-01-09T18:11:42.100] [WARN] Warn - Ruta: "/api/usuario" | Método: "GET" | Respuesta HTTP: "401: Unauthorized"
[2023-01-09T18:11:42.222] [WARN] Warn - Ruta: "/api/carrito/undefined/productos" | Método: "GET" | Respuesta HTTP: "401: Unauthorized"
[2023-01-09T18:11:45.456] [WARN] Warn - Ruta: "/node_modules/bootstrap/dist/js/bootstrap.min.js" | Método: "GET" | Respuesta HTTP: "404: Not Found"
[2023-01-09T18:11:45.777] [WARN] Warn - Ruta: "/api/usuario" | Método: "GET" | Respuesta HTTP: "401: Unauthorized"
[2023-01-09T18:11:45.889] [WARN] Warn - Ruta: "/api/usuario" | Método: "GET" | Respuesta HTTP: "401: Unauthorized"
[2023-01-09T18:11:46.035] [WARN] Warn - Ruta: "/api/carrito/undefined/productos" | Método: "GET" | Respuesta HTTP: "401: Unauthorized"
[2023-01-09T18:12:19.670] [WARN] Warn - Ruta: "/node_modules/@popperjs/core/dist/umd/popper.min.js" | Método: "GET" | Respuesta HTTP: "404: Not Found"
[2023-01-09T18:12:19.671] [WARN] Warn - Ruta: "/node_modules/bootstrap/dist/js/bootstrap.min.js" | Método: "GET" | Respuesta HTTP: "404: Not Found"
[2023-01-09T18:12:20.262] [WARN] Warn - Ruta: "/api/usuario" | Método: "GET" | Respuesta HTTP: "401: Unauthorized"
[2023-01-09T18:12:20.444] [WARN] Warn - Ruta: "/api/usuario" | Método: "GET" | Respuesta HTTP: "401: Unauthorized"
[2023-01-09T18:12:20.663] [WARN] Warn - Ruta: "/api/carrito/undefined/productos" | Método: "GET" | Respuesta HTTP: "401: Unauthorized"
[2023-01-09T18:12:43.085] [WARN] Warn - Ruta: "/node_modules/bootstrap/dist/js/bootstrap.min.js" | Método: "GET" | Respuesta HTTP: "404: Not Found"
[2023-01-09T18:12:43.112] [WARN] Warn - Ruta: "/node_modules/@popperjs/core/dist/umd/popper.min.js" | Método: "GET" | Respuesta HTTP: "404: Not Found"
[2023-01-09T18:12:43.289] [WARN] Warn - Ruta: "/api/usuario" | Método: "GET" | Respuesta HTTP: "401: Unauthorized"
[2023-01-09T18:12:43.363] [WARN] Warn - Ruta: "/api/usuario" | Método: "GET" | Respuesta HTTP: "401: Unauthorized"
[2023-01-09T18:12:43.532] [WARN] Warn - Ruta: "/api/carrito/undefined/productos" | Método: "GET" | Respuesta HTTP: "401: Unauthorized"
[2023-01-09T18:13:07.309] [WARN] Warn - Ruta: "/node_modules/bootstrap/dist/js/bootstrap.min.js" | Método: "GET" | Respuesta HTTP: "404: Not Found"
[2023-01-09T18:13:07.381] [WARN] Warn - Ruta: "/api/usuario" | Método: "GET" | Respuesta HTTP: "401: Unauthorized"
[2023-01-09T18:13:07.451] [WARN] Warn - Ruta: "/api/usuario" | Método: "GET" | Respuesta HTTP: "401: Unauthorized"
[2023-01-09T18:13:07.607] [WARN] Warn - Ruta: "/api/carrito/undefined/productos" | Método: "GET" | Respuesta HTTP: "401: Unauthorized"
[2023-01-09T18:13:42.924] [WARN] Warn - Ruta: "/node_modules/bootstrap/dist/css/bootstrap.min.css" | Método: "GET" | Respuesta HTTP: "404: Not Found"
[2023-01-09T18:13:42.923] [WARN] Warn - Ruta: "/node_modules/boxicons/css/boxicons.min.css" | Método: "GET" | Respuesta HTTP: "404: Not Found"
[2023-01-09T18:13:42.955] [WARN] Warn - Ruta: "/node_modules/@popperjs/core/dist/umd/popper.min.js" | Método: "GET" | Respuesta HTTP: "404: Not Found"
[2023-01-09T18:13:43.000] [WARN] Warn - Ruta: "/node_modules/bootstrap/dist/js/bootstrap.min.js" | Método: "GET" | Respuesta HTTP: "404: Not Found"
[2023-01-09T18:13:43.635] [WARN] Warn - Ruta: "/api/usuario" | Método: "GET" | Respuesta HTTP: "401: Unauthorized"
[2023-01-09T18:14:34.440] [WARN] Warn - Ruta: "/node_modules/boxicons/css/boxicons.min.css" | Método: "GET" | Respuesta HTTP: "404: Not Found"
[2023-01-09T18:14:34.440] [WARN] Warn - Ruta: "/node_modules/bootstrap/dist/css/bootstrap.min.css" | Método: "GET" | Respuesta HTTP: "404: Not Found"
[2023-01-09T18:14:34.480] [WARN] Warn - Ruta: "/node_modules/@popperjs/core/dist/umd/popper.min.js" | Método: "GET" | Respuesta HTTP: "404: Not Found"
[2023-01-09T18:14:34.479] [WARN] Warn - Ruta: "/node_modules/bootstrap/dist/js/bootstrap.min.js" | Método: "GET" | Respuesta HTTP: "404: Not Found"
[2023-01-09T18:14:34.879] [WARN] Warn - Ruta: "/api/usuario" | Método: "GET" | Respuesta HTTP: "401: Unauthorized"
[2023-01-09T18:14:34.972] [WARN] Warn - Ruta: "/api/usuario" | Método: "GET" | Respuesta HTTP: "401: Unauthorized"
[2023-01-09T18:14:35.095] [WARN] Warn - Ruta: "/api/carrito/undefined/productos" | Método: "GET" | Respuesta HTTP: "401: Unauthorized"
[2023-01-09T18:14:35.984] [WARN] Warn - Ruta: "/node_modules/bootstrap/dist/css/bootstrap.min.css" | Método: "GET" | Respuesta HTTP: "404: Not Found"
[2023-01-09T18:14:35.985] [WARN] Warn - Ruta: "/node_modules/@popperjs/core/dist/umd/popper.min.js" | Método: "GET" | Respuesta HTTP: "404: Not Found"
[2023-01-09T18:14:36.002] [WARN] Warn - Ruta: "/node_modules/boxicons/css/boxicons.min.css" | Método: "GET" | Respuesta HTTP: "404: Not Found"
[2023-01-09T18:14:36.002] [WARN] Warn - Ruta: "/node_modules/bootstrap/dist/js/bootstrap.min.js" | Método: "GET" | Respuesta HTTP: "404: Not Found"
[2023-01-09T18:14:36.002] [WARN] Warn - Ruta: "/node_modules/normalizr/dist/normalizr.browser.min.js" | Método: "GET" | Respuesta HTTP: "404: Not Found"
[2023-01-09T18:14:36.183] [WARN] Warn - Ruta: "/node_modules/handlebars/dist/handlebars.min.js" | Método: "GET" | Respuesta HTTP: "404: Not Found"
[2023-01-09T18:14:36.506] [WARN] Warn - No se encontraron mensajes en la base de datos.
[2023-01-09T18:14:36.674] [WARN] Warn - Ruta: "/api/usuario" | Método: "GET" | Respuesta HTTP: "401: Unauthorized"
[2023-01-09T18:14:38.001] [WARN] Warn - No se encontraron mensajes en la base de datos.
[2023-01-09T18:14:43.726] [WARN] Warn - Ruta: "/node_modules/bootstrap/dist/css/bootstrap.min.css" | Método: "GET" | Respuesta HTTP: "404: Not Found"
[2023-01-09T18:14:43.732] [WARN] Warn - Ruta: "/node_modules/boxicons/css/boxicons.min.css" | Método: "GET" | Respuesta HTTP: "404: Not Found"
[2023-01-09T18:14:43.753] [WARN] Warn - Ruta: "/node_modules/bootstrap/dist/js/bootstrap.min.js" | Método: "GET" | Respuesta HTTP: "404: Not Found"
[2023-01-09T18:14:43.754] [WARN] Warn - Ruta: "/node_modules/@popperjs/core/dist/umd/popper.min.js" | Método: "GET" | Respuesta HTTP: "404: Not Found"
[2023-01-09T18:14:43.965] [WARN] Warn - Ruta: "/api/usuario" | Método: "GET" | Respuesta HTTP: "401: Unauthorized"
[2023-01-09T18:14:44.028] [WARN] Warn - Ruta: "/api/usuario" | Método: "GET" | Respuesta HTTP: "401: Unauthorized"
[2023-01-09T18:14:44.193] [WARN] Warn - Ruta: "/api/carrito/undefined/productos" | Método: "GET" | Respuesta HTTP: "401: Unauthorized"
[2023-01-09T18:14:46.040] [WARN] Warn - Ruta: "/node_modules/normalizr/dist/normalizr.browser.min.js" | Método: "GET" | Respuesta HTTP: "404: Not Found"
[2023-01-09T18:14:46.041] [WARN] Warn - Ruta: "/node_modules/boxicons/css/boxicons.min.css" | Método: "GET" | Respuesta HTTP: "404: Not Found"
[2023-01-09T18:14:46.042] [WARN] Warn - Ruta: "/node_modules/bootstrap/dist/css/bootstrap.min.css" | Método: "GET" | Respuesta HTTP: "404: Not Found"
[2023-01-09T18:14:46.274] [WARN] Warn - No se encontraron mensajes en la base de datos.
[2023-01-09T18:14:46.318] [WARN] Warn - Ruta: "/api/usuario" | Método: "GET" | Respuesta HTTP: "401: Unauthorized"
[2023-01-09T18:15:34.543] [WARN] Warn - Ruta: "/node_modules/bootstrap/dist/js/bootstrap.min.js" | Método: "GET" | Respuesta HTTP: "404: Not Found"
[2023-01-09T18:15:34.543] [WARN] Warn - Ruta: "/node_modules/normalizr/dist/normalizr.browser.min.js" | Método: "GET" | Respuesta HTTP: "404: Not Found"
[2023-01-09T18:15:34.567] [WARN] Warn - Ruta: "/node_modules/handlebars/dist/handlebars.min.js" | Método: "GET" | Respuesta HTTP: "404: Not Found"
[2023-01-09T18:15:34.892] [WARN] Warn - No se encontraron mensajes en la base de datos.
[2023-01-09T18:15:34.892] [WARN] Warn - Ruta: "/api/usuario" | Método: "GET" | Respuesta HTTP: "401: Unauthorized"
[2023-01-09T18:15:48.309] [WARN] Warn - Ruta: "/node_modules/bootstrap/dist/css/bootstrap.min.css" | Método: "GET" | Respuesta HTTP: "404: Not Found"
[2023-01-09T18:15:48.315] [WARN] Warn - Ruta: "/node_modules/boxicons/css/boxicons.min.css" | Método: "GET" | Respuesta HTTP: "404: Not Found"
[2023-01-09T18:15:48.374] [WARN] Warn - Ruta: "/node_modules/normalizr/dist/normalizr.browser.min.js" | Método: "GET" | Respuesta HTTP: "404: Not Found"
[2023-01-09T18:15:48.375] [WARN] Warn - Ruta: "/node_modules/@popperjs/core/dist/umd/popper.min.js" | Método: "GET" | Respuesta HTTP: "404: Not Found"
[2023-01-09T18:15:48.445] [WARN] Warn - Ruta: "/node_modules/bootstrap/dist/js/bootstrap.min.js" | Método: "GET" | Respuesta HTTP: "404: Not Found"
[2023-01-09T18:15:48.600] [WARN] Warn - Ruta: "/node_modules/handlebars/dist/handlebars.min.js" | Método: "GET" | Respuesta HTTP: "404: Not Found"
[2023-01-09T18:15:49.167] [WARN] Warn - Ruta: "/api/usuario" | Método: "GET" | Respuesta HTTP: "401: Unauthorized"
[2023-01-09T18:15:50.019] [WARN] Warn - No se encontraron mensajes en la base de datos.
[2023-01-09T18:16:00.966] [WARN] Warn - Ruta: "/node_modules/bootstrap/dist/css/bootstrap.min.css" | Método: "GET" | Respuesta HTTP: "404: Not Found"
[2023-01-09T18:16:01.059] [WARN] Warn - Ruta: "/node_modules/boxicons/css/boxicons.min.css" | Método: "GET" | Respuesta HTTP: "404: Not Found"
[2023-01-09T18:16:01.058] [WARN] Warn - Ruta: "/node_modules/handlebars/dist/handlebars.min.js" | Método: "GET" | Respuesta HTTP: "404: Not Found"
[2023-01-09T18:16:01.058] [WARN] Warn - Ruta: "/node_modules/@popperjs/core/dist/umd/popper.min.js" | Método: "GET" | Respuesta HTTP: "404: Not Found"
[2023-01-09T18:16:01.059] [WARN] Warn - Ruta: "/node_modules/normalizr/dist/normalizr.browser.min.js" | Método: "GET" | Respuesta HTTP: "404: Not Found"
[2023-01-09T18:16:01.060] [WARN] Warn - Ruta: "/node_modules/bootstrap/dist/js/bootstrap.min.js" | Método: "GET" | Respuesta HTTP: "404: Not Found"
[2023-01-09T18:16:01.283] [WARN] Warn - Ruta: "/api/usuario" | Método: "GET" | Respuesta HTTP: "401: Unauthorized"
[2023-01-09T18:16:02.430] [WARN] Warn - No se encontraron mensajes en la base de datos.
[2023-01-09T18:16:03.631] [WARN] Warn - No se encontraron mensajes en la base de datos.
[2023-01-09T18:16:12.019] [WARN] Warn - Ruta: "/node_modules/bootstrap/dist/css/bootstrap.min.css" | Método: "GET" | Respuesta HTTP: "404: Not Found"
[2023-01-09T18:16:12.020] [WARN] Warn - Ruta: "/node_modules/boxicons/css/boxicons.min.css" | Método: "GET" | Respuesta HTTP: "404: Not Found"
[2023-01-09T18:16:12.041] [WARN] Warn - Ruta: "/node_modules/@popperjs/core/dist/umd/popper.min.js" | Método: "GET" | Respuesta HTTP: "404: Not Found"
[2023-01-09T18:16:12.125] [WARN] Warn - Ruta: "/node_modules/bootstrap/dist/js/bootstrap.min.js" | Método: "GET" | Respuesta HTTP: "404: Not Found"
[2023-01-09T18:16:23.189] [WARN] Warn - Ruta: "/node_modules/boxicons/css/boxicons.min.css" | Método: "GET" | Respuesta HTTP: "404: Not Found"
[2023-01-09T18:16:23.190] [WARN] Warn - Ruta: "/node_modules/bootstrap/dist/css/bootstrap.min.css" | Método: "GET" | Respuesta HTTP: "404: Not Found"
[2023-01-09T18:16:23.223] [WARN] Warn - Ruta: "/node_modules/bootstrap/dist/js/bootstrap.min.js" | Método: "GET" | Respuesta HTTP: "404: Not Found"
[2023-01-09T18:16:23.223] [WARN] Warn - Ruta: "/node_modules/@popperjs/core/dist/umd/popper.min.js" | Método: "GET" | Respuesta HTTP: "404: Not Found"
[2023-01-09T18:16:28.578] [WARN] Warn - No se encontraron mensajes en la base de datos.
[2023-01-09T18:16:41.330] [WARN] Warn - Ruta: "/node_modules/bootstrap/dist/css/bootstrap.min.css" | Método: "GET" | Respuesta HTTP: "404: Not Found"
[2023-01-09T18:16:41.336] [WARN] Warn - Ruta: "/node_modules/@popperjs/core/dist/umd/popper.min.js" | Método: "GET" | Respuesta HTTP: "404: Not Found"
[2023-01-09T18:16:41.353] [WARN] Warn - Ruta: "/node_modules/normalizr/dist/normalizr.browser.min.js" | Método: "GET" | Respuesta HTTP: "404: Not Found"
[2023-01-09T18:16:41.353] [WARN] Warn - Ruta: "/node_modules/bootstrap/dist/js/bootstrap.min.js" | Método: "GET" | Respuesta HTTP: "404: Not Found"
[2023-01-09T18:16:41.354] [WARN] Warn - Ruta: "/node_modules/boxicons/css/boxicons.min.css" | Método: "GET" | Respuesta HTTP: "404: Not Found"
[2023-01-09T18:16:41.356] [WARN] Warn - Ruta: "/node_modules/handlebars/dist/handlebars.min.js" | Método: "GET" | Respuesta HTTP: "404: Not Found"
[2023-01-09T18:16:41.633] [WARN] Warn - No se encontraron mensajes en la base de datos.
[2023-01-09T18:17:56.687] [WARN] Warn - Ruta: "/node_modules/bootstrap/dist/css/bootstrap.min.css" | Método: "GET" | Respuesta HTTP: "404: Not Found"
[2023-01-09T18:17:56.709] [WARN] Warn - Ruta: "/node_modules/boxicons/css/boxicons.min.css" | Método: "GET" | Respuesta HTTP: "404: Not Found"
[2023-01-09T18:17:56.709] [WARN] Warn - Ruta: "/node_modules/handlebars/dist/handlebars.min.js" | Método: "GET" | Respuesta HTTP: "404: Not Found"
[2023-01-09T18:17:56.714] [WARN] Warn - Ruta: "/node_modules/normalizr/dist/normalizr.browser.min.js" | Método: "GET" | Respuesta HTTP: "404: Not Found"
[2023-01-09T18:17:56.708] [WARN] Warn - Ruta: "/node_modules/@popperjs/core/dist/umd/popper.min.js" | Método: "GET" | Respuesta HTTP: "404: Not Found"
[2023-01-09T18:17:56.713] [WARN] Warn - Ruta: "/node_modules/bootstrap/dist/js/bootstrap.min.js" | Método: "GET" | Respuesta HTTP: "404: Not Found"
[2023-01-09T18:17:59.288] [WARN] Warn - No se encontraron mensajes en la base de datos.
[2023-01-09T18:18:24.766] [WARN] Warn - Ruta: "/node_modules/@popperjs/core/dist/umd/popper.min.js" | Método: "GET" | Respuesta HTTP: "404: Not Found"
[2023-01-09T18:18:24.766] [WARN] Warn - Ruta: "/node_modules/bootstrap/dist/css/bootstrap.min.css" | Método: "GET" | Respuesta HTTP: "404: Not Found"
[2023-01-09T18:18:24.766] [WARN] Warn - Ruta: "/node_modules/bootstrap/dist/js/bootstrap.min.js" | Método: "GET" | Respuesta HTTP: "404: Not Found"
[2023-01-09T18:18:24.781] [WARN] Warn - Ruta: "/node_modules/boxicons/css/boxicons.min.css" | Método: "GET" | Respuesta HTTP: "404: Not Found"
[2023-01-09T18:18:24.781] [WARN] Warn - Ruta: "/node_modules/handlebars/dist/handlebars.min.js" | Método: "GET" | Respuesta HTTP: "404: Not Found"
[2023-01-09T18:18:24.781] [WARN] Warn - Ruta: "/node_modules/normalizr/dist/normalizr.browser.min.js" | Método: "GET" | Respuesta HTTP: "404: Not Found"
[2023-01-09T18:18:25.233] [WARN] Warn - No se encontraron mensajes en la base de datos.
[2023-01-09T18:18:26.103] [WARN] Warn - No se encontraron mensajes en la base de datos.
[2023-01-09T18:19:15.705] [WARN] Warn - Ruta: "/node_modules/boxicons/css/boxicons.min.css" | Método: "GET" | Respuesta HTTP: "404: Not Found"
[2023-01-09T18:19:15.706] [WARN] Warn - Ruta: "/node_modules/bootstrap/dist/js/bootstrap.min.js" | Método: "GET" | Respuesta HTTP: "404: Not Found"
[2023-01-09T18:19:15.706] [WARN] Warn - Ruta: "/node_modules/bootstrap/dist/css/bootstrap.min.css" | Método: "GET" | Respuesta HTTP: "404: Not Found"
[2023-01-09T18:19:15.731] [WARN] Warn - Ruta: "/node_modules/@popperjs/core/dist/umd/popper.min.js" | Método: "GET" | Respuesta HTTP: "404: Not Found"
[2023-01-09T18:19:16.445] [WARN] Warn - Ruta: "/node_modules/handlebars/dist/handlebars.min.js" | Método: "GET" | Respuesta HTTP: "404: Not Found"
[2023-01-09T18:19:16.762] [WARN] Warn - No se encontraron mensajes en la base de datos.
[2023-01-09T18:19:20.526] [WARN] Warn - Ruta: "/node_modules/@popperjs/core/dist/umd/popper.min.js" | Método: "GET" | Respuesta HTTP: "404: Not Found"
[2023-01-09T18:19:20.527] [WARN] Warn - Ruta: "/node_modules/bootstrap/dist/js/bootstrap.min.js" | Método: "GET" | Respuesta HTTP: "404: Not Found"
[2023-01-09T18:19:20.534] [WARN] Warn - Ruta: "/node_modules/boxicons/css/boxicons.min.css" | Método: "GET" | Respuesta HTTP: "404: Not Found"
[2023-01-09T18:19:20.535] [WARN] Warn - Ruta: "/node_modules/bootstrap/dist/css/bootstrap.min.css" | Método: "GET" | Respuesta HTTP: "404: Not Found"
[2023-01-09T18:19:24.749] [WARN] Warn - No se encontraron mensajes en la base de datos.
[2023-01-09T18:19:26.389] [WARN] Warn - Ruta: "/node_modules/@popperjs/core/dist/umd/popper.min.js" | Método: "GET" | Respuesta HTTP: "404: Not Found"
[2023-01-09T18:19:26.388] [WARN] Warn - Ruta: "/node_modules/normalizr/dist/normalizr.browser.min.js" | Método: "GET" | Respuesta HTTP: "404: Not Found"
[2023-01-09T18:19:26.402] [WARN] Warn - Ruta: "/node_modules/boxicons/css/boxicons.min.css" | Método: "GET" | Respuesta HTTP: "404: Not Found"
[2023-01-09T18:19:26.403] [WARN] Warn - Ruta: "/node_modules/bootstrap/dist/css/bootstrap.min.css" | Método: "GET" | Respuesta HTTP: "404: Not Found"
[2023-01-09T18:19:26.417] [WARN] Warn - Ruta: "/node_modules/bootstrap/dist/js/bootstrap.min.js" | Método: "GET" | Respuesta HTTP: "404: Not Found"
[2023-01-09T18:19:26.429] [WARN] Warn - Ruta: "/node_modules/handlebars/dist/handlebars.min.js" | Método: "GET" | Respuesta HTTP: "404: Not Found"
[2023-01-09T18:19:26.600] [WARN] Warn - No se encontraron mensajes en la base de datos.
[2023-01-09T18:19:31.588] [WARN] Warn - Ruta: "/node_modules/boxicons/css/boxicons.min.css" | Método: "GET" | Respuesta HTTP: "404: Not Found"
[2023-01-09T18:19:31.588] [WARN] Warn - Ruta: "/node_modules/@popperjs/core/dist/umd/popper.min.js" | Método: "GET" | Respuesta HTTP: "404: Not Found"
[2023-01-09T18:19:31.606] [WARN] Warn - Ruta: "/node_modules/bootstrap/dist/js/bootstrap.min.js" | Método: "GET" | Respuesta HTTP: "404: Not Found"
[2023-01-09T18:30:27.241] [WARN] Warn - Ruta: "/node_modules/normalizr/dist/normalizr.browser.min.js" | Método: "GET" | Respuesta HTTP: "404: Not Found"
[2023-01-09T18:30:27.291] [WARN] Warn - No se encontraron mensajes en la base de datos.
[2023-01-09T18:30:27.336] [WARN] Warn - Ruta: "/api/usuario" | Método: "GET" | Respuesta HTTP: "401: Unauthorized"
[2023-01-09T18:30:28.011] [WARN] Warn - No se encontraron mensajes en la base de datos.
[2023-01-09T18:30:29.498] [WARN] Warn - No se encontraron mensajes en la base de datos.
[2023-01-09T18:30:35.743] [WARN] Warn - Ruta: "/node_modules/bootstrap/dist/js/bootstrap.min.js" | Método: "GET" | Respuesta HTTP: "404: Not Found"
[2023-01-09T18:30:35.780] [WARN] Warn - Ruta: "/node_modules/@popperjs/core/dist/umd/popper.min.js" | Método: "GET" | Respuesta HTTP: "404: Not Found"
